  camera.cpp
e:\8주차과제\zelda_default\commonmacrofunction.h(76): warning C4244: '초기화 중': 'LONG'에서 'float'(으)로 변환하면서 데이터가 손실될 수 있습니다.
e:\8주차과제\zelda_default\commonmacrofunction.h(99): warning C4244: '초기화 중': 'LONG'에서 'float'(으)로 변환하면서 데이터가 손실될 수 있습니다.
e:\8주차과제\zelda_default\commonmacrofunction.h(100): warning C4244: '초기화 중': 'LONG'에서 'float'(으)로 변환하면서 데이터가 손실될 수 있습니다.
e:\8주차과제\zelda_default\commonmacrofunction.h(102): warning C4244: '초기화 중': 'LONG'에서 'float'(으)로 변환하면서 데이터가 손실될 수 있습니다.
e:\8주차과제\zelda_default\commonmacrofunction.h(103): warning C4244: '초기화 중': 'LONG'에서 'float'(으)로 변환하면서 데이터가 손실될 수 있습니다.
e:\8주차과제\zelda_default\commonmacrofunction.h(118): warning C4244: '초기화 중': 'LONG'에서 'float'(으)로 변환하면서 데이터가 손실될 수 있습니다.
e:\8주차과제\zelda_default\commonmacrofunction.h(124): warning C4838: 'float'에서 'LONG'(으)로의 변환에는 축소 변환이 필요합니다.
e:\8주차과제\zelda_default\commonmacrofunction.h(124): warning C4244: '초기화 중': 'float'에서 'LONG'(으)로 변환하면서 데이터가 손실될 수 있습니다.
e:\8주차과제\zelda_default\commonmacrofunction.h(166): warning C4267: '인수': 'size_t'에서 'int'(으)로 변환하면서 데이터가 손실될 수 있습니다.
e:\8주차과제\zelda_default\camera.cpp(76): warning C4244: '인수': 'float'에서 'int'(으)로 변환하면서 데이터가 손실될 수 있습니다.
  gameNode.cpp
e:\8주차과제\zelda_default\commonmacrofunction.h(76): warning C4244: '초기화 중': 'LONG'에서 'float'(으)로 변환하면서 데이터가 손실될 수 있습니다.
e:\8주차과제\zelda_default\commonmacrofunction.h(99): warning C4244: '초기화 중': 'LONG'에서 'float'(으)로 변환하면서 데이터가 손실될 수 있습니다.
e:\8주차과제\zelda_default\commonmacrofunction.h(100): warning C4244: '초기화 중': 'LONG'에서 'float'(으)로 변환하면서 데이터가 손실될 수 있습니다.
e:\8주차과제\zelda_default\commonmacrofunction.h(102): warning C4244: '초기화 중': 'LONG'에서 'float'(으)로 변환하면서 데이터가 손실될 수 있습니다.
e:\8주차과제\zelda_default\commonmacrofunction.h(103): warning C4244: '초기화 중': 'LONG'에서 'float'(으)로 변환하면서 데이터가 손실될 수 있습니다.
e:\8주차과제\zelda_default\commonmacrofunction.h(118): warning C4244: '초기화 중': 'LONG'에서 'float'(으)로 변환하면서 데이터가 손실될 수 있습니다.
e:\8주차과제\zelda_default\commonmacrofunction.h(124): warning C4838: 'float'에서 'LONG'(으)로의 변환에는 축소 변환이 필요합니다.
e:\8주차과제\zelda_default\commonmacrofunction.h(124): warning C4244: '초기화 중': 'float'에서 'LONG'(으)로 변환하면서 데이터가 손실될 수 있습니다.
e:\8주차과제\zelda_default\commonmacrofunction.h(166): warning C4267: '인수': 'size_t'에서 'int'(으)로 변환하면서 데이터가 손실될 수 있습니다.
  image.cpp
e:\8주차과제\zelda_default\commonmacrofunction.h(76): warning C4244: '초기화 중': 'LONG'에서 'float'(으)로 변환하면서 데이터가 손실될 수 있습니다.
e:\8주차과제\zelda_default\commonmacrofunction.h(99): warning C4244: '초기화 중': 'LONG'에서 'float'(으)로 변환하면서 데이터가 손실될 수 있습니다.
e:\8주차과제\zelda_default\commonmacrofunction.h(100): warning C4244: '초기화 중': 'LONG'에서 'float'(으)로 변환하면서 데이터가 손실될 수 있습니다.
e:\8주차과제\zelda_default\commonmacrofunction.h(102): warning C4244: '초기화 중': 'LONG'에서 'float'(으)로 변환하면서 데이터가 손실될 수 있습니다.
e:\8주차과제\zelda_default\commonmacrofunction.h(103): warning C4244: '초기화 중': 'LONG'에서 'float'(으)로 변환하면서 데이터가 손실될 수 있습니다.
e:\8주차과제\zelda_default\commonmacrofunction.h(118): warning C4244: '초기화 중': 'LONG'에서 'float'(으)로 변환하면서 데이터가 손실될 수 있습니다.
e:\8주차과제\zelda_default\commonmacrofunction.h(124): warning C4838: 'float'에서 'LONG'(으)로의 변환에는 축소 변환이 필요합니다.
e:\8주차과제\zelda_default\commonmacrofunction.h(124): warning C4244: '초기화 중': 'float'에서 'LONG'(으)로 변환하면서 데이터가 손실될 수 있습니다.
e:\8주차과제\zelda_default\commonmacrofunction.h(166): warning C4267: '인수': 'size_t'에서 'int'(으)로 변환하면서 데이터가 손실될 수 있습니다.
e:\8주차과제\zelda_default\image.cpp(69): warning C4267: '초기화 중': 'size_t'에서 'int'(으)로 변환하면서 데이터가 손실될 수 있습니다.
e:\8주차과제\zelda_default\image.cpp(109): warning C4267: '초기화 중': 'size_t'에서 'int'(으)로 변환하면서 데이터가 손실될 수 있습니다.
e:\8주차과제\zelda_default\image.cpp(153): warning C4267: '초기화 중': 'size_t'에서 'int'(으)로 변환하면서 데이터가 손실될 수 있습니다.
e:\8주차과제\zelda_default\image.cpp(199): warning C4267: '초기화 중': 'size_t'에서 'int'(으)로 변환하면서 데이터가 손실될 수 있습니다.
e:\8주차과제\zelda_default\image.cpp(864): warning C4244: '=': 'float'에서 'int'(으)로 변환하면서 데이터가 손실될 수 있습니다.
e:\8주차과제\zelda_default\image.cpp(865): warning C4244: '=': 'float'에서 'int'(으)로 변환하면서 데이터가 손실될 수 있습니다.
e:\8주차과제\zelda_default\image.cpp(904): warning C4244: '=': 'float'에서 'int'(으)로 변환하면서 데이터가 손실될 수 있습니다.
e:\8주차과제\zelda_default\image.cpp(905): warning C4244: '=': 'float'에서 'int'(으)로 변환하면서 데이터가 손실될 수 있습니다.
e:\8주차과제\zelda_default\image.cpp(956): warning C4244: '초기화 중': 'double'에서 'int'(으)로 변환하면서 데이터가 손실될 수 있습니다.
e:\8주차과제\zelda_default\image.cpp(964): warning C4244: '=': 'float'에서 'LONG'(으)로 변환하면서 데이터가 손실될 수 있습니다.
e:\8주차과제\zelda_default\image.cpp(965): warning C4244: '=': 'float'에서 'LONG'(으)로 변환하면서 데이터가 손실될 수 있습니다.
e:\8주차과제\zelda_default\image.cpp(984): warning C4244: '인수': 'float'에서 'int'(으)로 변환하면서 데이터가 손실될 수 있습니다.
e:\8주차과제\zelda_default\image.cpp(983): warning C4244: '인수': 'float'에서 'int'(으)로 변환하면서 데이터가 손실될 수 있습니다.
e:\8주차과제\zelda_default\image.cpp(1010): warning C4244: '초기화 중': 'double'에서 'int'(으)로 변환하면서 데이터가 손실될 수 있습니다.
e:\8주차과제\zelda_default\image.cpp(1018): warning C4244: '=': 'float'에서 'LONG'(으)로 변환하면서 데이터가 손실될 수 있습니다.
e:\8주차과제\zelda_default\image.cpp(1019): warning C4244: '=': 'float'에서 'LONG'(으)로 변환하면서 데이터가 손실될 수 있습니다.
e:\8주차과제\zelda_default\image.cpp(1042): warning C4244: '인수': 'float'에서 'int'(으)로 변환하면서 데이터가 손실될 수 있습니다.
e:\8주차과제\zelda_default\image.cpp(1041): warning C4244: '인수': 'float'에서 'int'(으)로 변환하면서 데이터가 손실될 수 있습니다.
  imageManager.cpp
e:\8주차과제\zelda_default\commonmacrofunction.h(76): warning C4244: '초기화 중': 'LONG'에서 'float'(으)로 변환하면서 데이터가 손실될 수 있습니다.
e:\8주차과제\zelda_default\commonmacrofunction.h(99): warning C4244: '초기화 중': 'LONG'에서 'float'(으)로 변환하면서 데이터가 손실될 수 있습니다.
e:\8주차과제\zelda_default\commonmacrofunction.h(100): warning C4244: '초기화 중': 'LONG'에서 'float'(으)로 변환하면서 데이터가 손실될 수 있습니다.
e:\8주차과제\zelda_default\commonmacrofunction.h(102): warning C4244: '초기화 중': 'LONG'에서 'float'(으)로 변환하면서 데이터가 손실될 수 있습니다.
e:\8주차과제\zelda_default\commonmacrofunction.h(103): warning C4244: '초기화 중': 'LONG'에서 'float'(으)로 변환하면서 데이터가 손실될 수 있습니다.
e:\8주차과제\zelda_default\commonmacrofunction.h(118): warning C4244: '초기화 중': 'LONG'에서 'float'(으)로 변환하면서 데이터가 손실될 수 있습니다.
e:\8주차과제\zelda_default\commonmacrofunction.h(124): warning C4838: 'float'에서 'LONG'(으)로의 변환에는 축소 변환이 필요합니다.
e:\8주차과제\zelda_default\commonmacrofunction.h(124): warning C4244: '초기화 중': 'float'에서 'LONG'(으)로 변환하면서 데이터가 손실될 수 있습니다.
e:\8주차과제\zelda_default\commonmacrofunction.h(166): warning C4267: '인수': 'size_t'에서 'int'(으)로 변환하면서 데이터가 손실될 수 있습니다.
  iniData.cpp
e:\8주차과제\zelda_default\commonmacrofunction.h(76): warning C4244: '초기화 중': 'LONG'에서 'float'(으)로 변환하면서 데이터가 손실될 수 있습니다.
e:\8주차과제\zelda_default\commonmacrofunction.h(99): warning C4244: '초기화 중': 'LONG'에서 'float'(으)로 변환하면서 데이터가 손실될 수 있습니다.
e:\8주차과제\zelda_default\commonmacrofunction.h(100): warning C4244: '초기화 중': 'LONG'에서 'float'(으)로 변환하면서 데이터가 손실될 수 있습니다.
e:\8주차과제\zelda_default\commonmacrofunction.h(102): warning C4244: '초기화 중': 'LONG'에서 'float'(으)로 변환하면서 데이터가 손실될 수 있습니다.
e:\8주차과제\zelda_default\commonmacrofunction.h(103): warning C4244: '초기화 중': 'LONG'에서 'float'(으)로 변환하면서 데이터가 손실될 수 있습니다.
e:\8주차과제\zelda_default\commonmacrofunction.h(118): warning C4244: '초기화 중': 'LONG'에서 'float'(으)로 변환하면서 데이터가 손실될 수 있습니다.
e:\8주차과제\zelda_default\commonmacrofunction.h(124): warning C4838: 'float'에서 'LONG'(으)로의 변환에는 축소 변환이 필요합니다.
e:\8주차과제\zelda_default\commonmacrofunction.h(124): warning C4244: '초기화 중': 'float'에서 'LONG'(으)로 변환하면서 데이터가 손실될 수 있습니다.
e:\8주차과제\zelda_default\commonmacrofunction.h(166): warning C4267: '인수': 'size_t'에서 'int'(으)로 변환하면서 데이터가 손실될 수 있습니다.
e:\8주차과제\zelda_default\inidata.cpp(80): warning C4244: 'return': 'double'에서 'float'(으)로 변환하면서 데이터가 손실될 수 있습니다.
  input.cpp
e:\8주차과제\zelda_default\commonmacrofunction.h(76): warning C4244: '초기화 중': 'LONG'에서 'float'(으)로 변환하면서 데이터가 손실될 수 있습니다.
e:\8주차과제\zelda_default\commonmacrofunction.h(99): warning C4244: '초기화 중': 'LONG'에서 'float'(으)로 변환하면서 데이터가 손실될 수 있습니다.
e:\8주차과제\zelda_default\commonmacrofunction.h(100): warning C4244: '초기화 중': 'LONG'에서 'float'(으)로 변환하면서 데이터가 손실될 수 있습니다.
e:\8주차과제\zelda_default\commonmacrofunction.h(102): warning C4244: '초기화 중': 'LONG'에서 'float'(으)로 변환하면서 데이터가 손실될 수 있습니다.
e:\8주차과제\zelda_default\commonmacrofunction.h(103): warning C4244: '초기화 중': 'LONG'에서 'float'(으)로 변환하면서 데이터가 손실될 수 있습니다.
e:\8주차과제\zelda_default\commonmacrofunction.h(118): warning C4244: '초기화 중': 'LONG'에서 'float'(으)로 변환하면서 데이터가 손실될 수 있습니다.
e:\8주차과제\zelda_default\commonmacrofunction.h(124): warning C4838: 'float'에서 'LONG'(으)로의 변환에는 축소 변환이 필요합니다.
e:\8주차과제\zelda_default\commonmacrofunction.h(124): warning C4244: '초기화 중': 'float'에서 'LONG'(으)로 변환하면서 데이터가 손실될 수 있습니다.
e:\8주차과제\zelda_default\commonmacrofunction.h(166): warning C4267: '인수': 'size_t'에서 'int'(으)로 변환하면서 데이터가 손실될 수 있습니다.
  loading.cpp
e:\8주차과제\zelda_default\commonmacrofunction.h(76): warning C4244: '초기화 중': 'LONG'에서 'float'(으)로 변환하면서 데이터가 손실될 수 있습니다.
e:\8주차과제\zelda_default\commonmacrofunction.h(99): warning C4244: '초기화 중': 'LONG'에서 'float'(으)로 변환하면서 데이터가 손실될 수 있습니다.
e:\8주차과제\zelda_default\commonmacrofunction.h(100): warning C4244: '초기화 중': 'LONG'에서 'float'(으)로 변환하면서 데이터가 손실될 수 있습니다.
e:\8주차과제\zelda_default\commonmacrofunction.h(102): warning C4244: '초기화 중': 'LONG'에서 'float'(으)로 변환하면서 데이터가 손실될 수 있습니다.
e:\8주차과제\zelda_default\commonmacrofunction.h(103): warning C4244: '초기화 중': 'LONG'에서 'float'(으)로 변환하면서 데이터가 손실될 수 있습니다.
e:\8주차과제\zelda_default\commonmacrofunction.h(118): warning C4244: '초기화 중': 'LONG'에서 'float'(으)로 변환하면서 데이터가 손실될 수 있습니다.
e:\8주차과제\zelda_default\commonmacrofunction.h(124): warning C4838: 'float'에서 'LONG'(으)로의 변환에는 축소 변환이 필요합니다.
e:\8주차과제\zelda_default\commonmacrofunction.h(124): warning C4244: '초기화 중': 'float'에서 'LONG'(으)로 변환하면서 데이터가 손실될 수 있습니다.
e:\8주차과제\zelda_default\commonmacrofunction.h(166): warning C4267: '인수': 'size_t'에서 'int'(으)로 변환하면서 데이터가 손실될 수 있습니다.
e:\8주차과제\zelda_default\loading.cpp(40): warning C4244: '=': 'float'에서 'int'(으)로 변환하면서 데이터가 손실될 수 있습니다.
e:\8주차과제\zelda_default\loading.cpp(41): warning C4244: '=': 'float'에서 'int'(으)로 변환하면서 데이터가 손실될 수 있습니다.
e:\8주차과제\zelda_default\loading.cpp(74): warning C4244: '=': 'float'에서 'int'(으)로 변환하면서 데이터가 손실될 수 있습니다.
e:\8주차과제\zelda_default\loading.cpp(75): warning C4244: '=': 'float'에서 'int'(으)로 변환하면서 데이터가 손실될 수 있습니다.
e:\8주차과제\zelda_default\loading.cpp(191): warning C4244: '인수': 'int'에서 'float'(으)로 변환하면서 데이터가 손실될 수 있습니다.
e:\8주차과제\zelda_default\loading.cpp(203): warning C4244: '인수': 'int'에서 'float'(으)로 변환하면서 데이터가 손실될 수 있습니다.
e:\8주차과제\zelda_default\loading.cpp(218): warning C4244: '인수': 'int'에서 'float'(으)로 변환하면서 데이터가 손실될 수 있습니다.
e:\8주차과제\zelda_default\loading.cpp(218): warning C4244: '인수': 'unsigned __int64'에서 'float'(으)로 변환하면서 데이터가 손실될 수 있습니다.
  mainGame.cpp
e:\8주차과제\zelda_default\commonmacrofunction.h(76): warning C4244: '초기화 중': 'LONG'에서 'float'(으)로 변환하면서 데이터가 손실될 수 있습니다.
e:\8주차과제\zelda_default\commonmacrofunction.h(99): warning C4244: '초기화 중': 'LONG'에서 'float'(으)로 변환하면서 데이터가 손실될 수 있습니다.
e:\8주차과제\zelda_default\commonmacrofunction.h(100): warning C4244: '초기화 중': 'LONG'에서 'float'(으)로 변환하면서 데이터가 손실될 수 있습니다.
e:\8주차과제\zelda_default\commonmacrofunction.h(102): warning C4244: '초기화 중': 'LONG'에서 'float'(으)로 변환하면서 데이터가 손실될 수 있습니다.
e:\8주차과제\zelda_default\commonmacrofunction.h(103): warning C4244: '초기화 중': 'LONG'에서 'float'(으)로 변환하면서 데이터가 손실될 수 있습니다.
e:\8주차과제\zelda_default\commonmacrofunction.h(118): warning C4244: '초기화 중': 'LONG'에서 'float'(으)로 변환하면서 데이터가 손실될 수 있습니다.
e:\8주차과제\zelda_default\commonmacrofunction.h(124): warning C4838: 'float'에서 'LONG'(으)로의 변환에는 축소 변환이 필요합니다.
e:\8주차과제\zelda_default\commonmacrofunction.h(124): warning C4244: '초기화 중': 'float'에서 'LONG'(으)로 변환하면서 데이터가 손실될 수 있습니다.
e:\8주차과제\zelda_default\commonmacrofunction.h(166): warning C4267: '인수': 'size_t'에서 'int'(으)로 변환하면서 데이터가 손실될 수 있습니다.
  mapToolScene.cpp
e:\8주차과제\zelda_default\commonmacrofunction.h(76): warning C4244: '초기화 중': 'LONG'에서 'float'(으)로 변환하면서 데이터가 손실될 수 있습니다.
e:\8주차과제\zelda_default\commonmacrofunction.h(99): warning C4244: '초기화 중': 'LONG'에서 'float'(으)로 변환하면서 데이터가 손실될 수 있습니다.
e:\8주차과제\zelda_default\commonmacrofunction.h(100): warning C4244: '초기화 중': 'LONG'에서 'float'(으)로 변환하면서 데이터가 손실될 수 있습니다.
e:\8주차과제\zelda_default\commonmacrofunction.h(102): warning C4244: '초기화 중': 'LONG'에서 'float'(으)로 변환하면서 데이터가 손실될 수 있습니다.
e:\8주차과제\zelda_default\commonmacrofunction.h(103): warning C4244: '초기화 중': 'LONG'에서 'float'(으)로 변환하면서 데이터가 손실될 수 있습니다.
e:\8주차과제\zelda_default\commonmacrofunction.h(118): warning C4244: '초기화 중': 'LONG'에서 'float'(으)로 변환하면서 데이터가 손실될 수 있습니다.
e:\8주차과제\zelda_default\commonmacrofunction.h(124): warning C4838: 'float'에서 'LONG'(으)로의 변환에는 축소 변환이 필요합니다.
e:\8주차과제\zelda_default\commonmacrofunction.h(124): warning C4244: '초기화 중': 'float'에서 'LONG'(으)로 변환하면서 데이터가 손실될 수 있습니다.
e:\8주차과제\zelda_default\commonmacrofunction.h(166): warning C4267: '인수': 'size_t'에서 'int'(으)로 변환하면서 데이터가 손실될 수 있습니다.
e:\8주차과제\zelda_default\maptoolscene.cpp(316): warning C4267: '인수': 'size_t'에서 'int'(으)로 변환하면서 데이터가 손실될 수 있습니다.
e:\8주차과제\zelda_default\maptoolscene.cpp(318): warning C4267: '인수': 'size_t'에서 'int'(으)로 변환하면서 데이터가 손실될 수 있습니다.
e:\8주차과제\zelda_default\maptoolscene.cpp(320): warning C4267: '인수': 'size_t'에서 'int'(으)로 변환하면서 데이터가 손실될 수 있습니다.
e:\8주차과제\zelda_default\maptoolscene.cpp(322): warning C4267: '인수': 'size_t'에서 'int'(으)로 변환하면서 데이터가 손실될 수 있습니다.
e:\8주차과제\zelda_default\maptoolscene.cpp(315): error C4996: 'sprintf': This function or variable may be unsafe. Consider using sprintf_s instead. To disable deprecation, use _CRT_SECURE_NO_WARNINGS. See online help for details.
  c:\program files (x86)\windows kits\10\include\10.0.16299.0\ucrt\stdio.h(1772): note: 'sprintf' 선언을 참조하십시오.
e:\8주차과제\zelda_default\maptoolscene.cpp(317): error C4996: 'sprintf': This function or variable may be unsafe. Consider using sprintf_s instead. To disable deprecation, use _CRT_SECURE_NO_WARNINGS. See online help for details.
  c:\program files (x86)\windows kits\10\include\10.0.16299.0\ucrt\stdio.h(1772): note: 'sprintf' 선언을 참조하십시오.
e:\8주차과제\zelda_default\maptoolscene.cpp(319): error C4996: 'sprintf': This function or variable may be unsafe. Consider using sprintf_s instead. To disable deprecation, use _CRT_SECURE_NO_WARNINGS. See online help for details.
  c:\program files (x86)\windows kits\10\include\10.0.16299.0\ucrt\stdio.h(1772): note: 'sprintf' 선언을 참조하십시오.
e:\8주차과제\zelda_default\maptoolscene.cpp(321): error C4996: 'sprintf': This function or variable may be unsafe. Consider using sprintf_s instead. To disable deprecation, use _CRT_SECURE_NO_WARNINGS. See online help for details.
  c:\program files (x86)\windows kits\10\include\10.0.16299.0\ucrt\stdio.h(1772): note: 'sprintf' 선언을 참조하십시오.
e:\8주차과제\zelda_default\maptoolscene.cpp(470): warning C4244: '인수': 'float'에서 'int'(으)로 변환하면서 데이터가 손실될 수 있습니다.
e:\8주차과제\zelda_default\maptoolscene.cpp(488): warning C4244: '인수': 'float'에서 'int'(으)로 변환하면서 데이터가 손실될 수 있습니다.
e:\8주차과제\zelda_default\maptoolscene.cpp(601): warning C4244: '인수': 'LONG'에서 'float'(으)로 변환하면서 데이터가 손실될 수 있습니다.
e:\8주차과제\zelda_default\maptoolscene.cpp(602): warning C4244: '인수': 'LONG'에서 'float'(으)로 변환하면서 데이터가 손실될 수 있습니다.
  playerData.cpp
e:\8주차과제\zelda_default\commonmacrofunction.h(76): warning C4244: '초기화 중': 'LONG'에서 'float'(으)로 변환하면서 데이터가 손실될 수 있습니다.
e:\8주차과제\zelda_default\commonmacrofunction.h(99): warning C4244: '초기화 중': 'LONG'에서 'float'(으)로 변환하면서 데이터가 손실될 수 있습니다.
e:\8주차과제\zelda_default\commonmacrofunction.h(100): warning C4244: '초기화 중': 'LONG'에서 'float'(으)로 변환하면서 데이터가 손실될 수 있습니다.
e:\8주차과제\zelda_default\commonmacrofunction.h(102): warning C4244: '초기화 중': 'LONG'에서 'float'(으)로 변환하면서 데이터가 손실될 수 있습니다.
e:\8주차과제\zelda_default\commonmacrofunction.h(103): warning C4244: '초기화 중': 'LONG'에서 'float'(으)로 변환하면서 데이터가 손실될 수 있습니다.
e:\8주차과제\zelda_default\commonmacrofunction.h(118): warning C4244: '초기화 중': 'LONG'에서 'float'(으)로 변환하면서 데이터가 손실될 수 있습니다.
e:\8주차과제\zelda_default\commonmacrofunction.h(124): warning C4838: 'float'에서 'LONG'(으)로의 변환에는 축소 변환이 필요합니다.
e:\8주차과제\zelda_default\commonmacrofunction.h(124): warning C4244: '초기화 중': 'float'에서 'LONG'(으)로 변환하면서 데이터가 손실될 수 있습니다.
e:\8주차과제\zelda_default\commonmacrofunction.h(166): warning C4267: '인수': 'size_t'에서 'int'(으)로 변환하면서 데이터가 손실될 수 있습니다.
  progressBar.cpp
e:\8주차과제\zelda_default\commonmacrofunction.h(76): warning C4244: '초기화 중': 'LONG'에서 'float'(으)로 변환하면서 데이터가 손실될 수 있습니다.
e:\8주차과제\zelda_default\commonmacrofunction.h(99): warning C4244: '초기화 중': 'LONG'에서 'float'(으)로 변환하면서 데이터가 손실될 수 있습니다.
e:\8주차과제\zelda_default\commonmacrofunction.h(100): warning C4244: '초기화 중': 'LONG'에서 'float'(으)로 변환하면서 데이터가 손실될 수 있습니다.
e:\8주차과제\zelda_default\commonmacrofunction.h(102): warning C4244: '초기화 중': 'LONG'에서 'float'(으)로 변환하면서 데이터가 손실될 수 있습니다.
e:\8주차과제\zelda_default\commonmacrofunction.h(103): warning C4244: '초기화 중': 'LONG'에서 'float'(으)로 변환하면서 데이터가 손실될 수 있습니다.
e:\8주차과제\zelda_default\commonmacrofunction.h(118): warning C4244: '초기화 중': 'LONG'에서 'float'(으)로 변환하면서 데이터가 손실될 수 있습니다.
e:\8주차과제\zelda_default\commonmacrofunction.h(124): warning C4838: 'float'에서 'LONG'(으)로의 변환에는 축소 변환이 필요합니다.
e:\8주차과제\zelda_default\commonmacrofunction.h(124): warning C4244: '초기화 중': 'float'에서 'LONG'(으)로 변환하면서 데이터가 손실될 수 있습니다.
e:\8주차과제\zelda_default\commonmacrofunction.h(166): warning C4267: '인수': 'size_t'에서 'int'(으)로 변환하면서 데이터가 손실될 수 있습니다.
e:\8주차과제\zelda_default\progressbar.cpp(16): warning C4244: '=': 'int'에서 'float'(으)로 변환하면서 데이터가 손실될 수 있습니다.
e:\8주차과제\zelda_default\progressbar.cpp(17): warning C4244: '=': 'int'에서 'float'(으)로 변환하면서 데이터가 손실될 수 있습니다.
e:\8주차과제\zelda_default\progressbar.cpp(20): warning C4244: '인수': 'float'에서 'int'(으)로 변환하면서 데이터가 손실될 수 있습니다.
e:\8주차과제\zelda_default\progressbar.cpp(34): warning C4244: '인수': 'float'에서 'int'(으)로 변환하면서 데이터가 손실될 수 있습니다.
e:\8주차과제\zelda_default\progressbar.cpp(41): warning C4244: '인수': 'float'에서 'int'(으)로 변환하면서 데이터가 손실될 수 있습니다.
e:\8주차과제\zelda_default\progressbar.cpp(44): warning C4244: '인수': 'float'에서 'int'(으)로 변환하면서 데이터가 손실될 수 있습니다.
  random.cpp
e:\8주차과제\zelda_default\commonmacrofunction.h(76): warning C4244: '초기화 중': 'LONG'에서 'float'(으)로 변환하면서 데이터가 손실될 수 있습니다.
e:\8주차과제\zelda_default\commonmacrofunction.h(99): warning C4244: '초기화 중': 'LONG'에서 'float'(으)로 변환하면서 데이터가 손실될 수 있습니다.
e:\8주차과제\zelda_default\commonmacrofunction.h(100): warning C4244: '초기화 중': 'LONG'에서 'float'(으)로 변환하면서 데이터가 손실될 수 있습니다.
e:\8주차과제\zelda_default\commonmacrofunction.h(102): warning C4244: '초기화 중': 'LONG'에서 'float'(으)로 변환하면서 데이터가 손실될 수 있습니다.
e:\8주차과제\zelda_default\commonmacrofunction.h(103): warning C4244: '초기화 중': 'LONG'에서 'float'(으)로 변환하면서 데이터가 손실될 수 있습니다.
e:\8주차과제\zelda_default\commonmacrofunction.h(118): warning C4244: '초기화 중': 'LONG'에서 'float'(으)로 변환하면서 데이터가 손실될 수 있습니다.
e:\8주차과제\zelda_default\commonmacrofunction.h(124): warning C4838: 'float'에서 'LONG'(으)로의 변환에는 축소 변환이 필요합니다.
e:\8주차과제\zelda_default\commonmacrofunction.h(124): warning C4244: '초기화 중': 'float'에서 'LONG'(으)로 변환하면서 데이터가 손실될 수 있습니다.
e:\8주차과제\zelda_default\commonmacrofunction.h(166): warning C4267: '인수': 'size_t'에서 'int'(으)로 변환하면서 데이터가 손실될 수 있습니다.
  sceneManager.cpp
e:\8주차과제\zelda_default\commonmacrofunction.h(76): warning C4244: '초기화 중': 'LONG'에서 'float'(으)로 변환하면서 데이터가 손실될 수 있습니다.
e:\8주차과제\zelda_default\commonmacrofunction.h(99): warning C4244: '초기화 중': 'LONG'에서 'float'(으)로 변환하면서 데이터가 손실될 수 있습니다.
e:\8주차과제\zelda_default\commonmacrofunction.h(100): warning C4244: '초기화 중': 'LONG'에서 'float'(으)로 변환하면서 데이터가 손실될 수 있습니다.
e:\8주차과제\zelda_default\commonmacrofunction.h(102): warning C4244: '초기화 중': 'LONG'에서 'float'(으)로 변환하면서 데이터가 손실될 수 있습니다.
e:\8주차과제\zelda_default\commonmacrofunction.h(103): warning C4244: '초기화 중': 'LONG'에서 'float'(으)로 변환하면서 데이터가 손실될 수 있습니다.
e:\8주차과제\zelda_default\commonmacrofunction.h(118): warning C4244: '초기화 중': 'LONG'에서 'float'(으)로 변환하면서 데이터가 손실될 수 있습니다.
e:\8주차과제\zelda_default\commonmacrofunction.h(124): warning C4838: 'float'에서 'LONG'(으)로의 변환에는 축소 변환이 필요합니다.
e:\8주차과제\zelda_default\commonmacrofunction.h(124): warning C4244: '초기화 중': 'float'에서 'LONG'(으)로 변환하면서 데이터가 손실될 수 있습니다.
e:\8주차과제\zelda_default\commonmacrofunction.h(166): warning C4267: '인수': 'size_t'에서 'int'(으)로 변환하면서 데이터가 손실될 수 있습니다.
e:\8주차과제\zelda_default\scenemanager.cpp(33): warning C4101: 'a' :참조되지 않은 지역 변수입니다.
e:\8주차과제\zelda_default\scenemanager.cpp(34): warning C4101: 'b' :참조되지 않은 지역 변수입니다.
  soundManager.cpp
e:\8주차과제\zelda_default\commonmacrofunction.h(76): warning C4244: '초기화 중': 'LONG'에서 'float'(으)로 변환하면서 데이터가 손실될 수 있습니다.
e:\8주차과제\zelda_default\commonmacrofunction.h(99): warning C4244: '초기화 중': 'LONG'에서 'float'(으)로 변환하면서 데이터가 손실될 수 있습니다.
e:\8주차과제\zelda_default\commonmacrofunction.h(100): warning C4244: '초기화 중': 'LONG'에서 'float'(으)로 변환하면서 데이터가 손실될 수 있습니다.
e:\8주차과제\zelda_default\commonmacrofunction.h(102): warning C4244: '초기화 중': 'LONG'에서 'float'(으)로 변환하면서 데이터가 손실될 수 있습니다.
e:\8주차과제\zelda_default\commonmacrofunction.h(103): warning C4244: '초기화 중': 'LONG'에서 'float'(으)로 변환하면서 데이터가 손실될 수 있습니다.
e:\8주차과제\zelda_default\commonmacrofunction.h(118): warning C4244: '초기화 중': 'LONG'에서 'float'(으)로 변환하면서 데이터가 손실될 수 있습니다.
e:\8주차과제\zelda_default\commonmacrofunction.h(124): warning C4838: 'float'에서 'LONG'(으)로의 변환에는 축소 변환이 필요합니다.
e:\8주차과제\zelda_default\commonmacrofunction.h(124): warning C4244: '초기화 중': 'float'에서 'LONG'(으)로 변환하면서 데이터가 손실될 수 있습니다.
e:\8주차과제\zelda_default\commonmacrofunction.h(166): warning C4267: '인수': 'size_t'에서 'int'(으)로 변환하면서 데이터가 손실될 수 있습니다.
  stdafx.cpp
e:\8주차과제\zelda_default\commonmacrofunction.h(76): warning C4244: '초기화 중': 'LONG'에서 'float'(으)로 변환하면서 데이터가 손실될 수 있습니다.
e:\8주차과제\zelda_default\commonmacrofunction.h(99): warning C4244: '초기화 중': 'LONG'에서 'float'(으)로 변환하면서 데이터가 손실될 수 있습니다.
e:\8주차과제\zelda_default\commonmacrofunction.h(100): warning C4244: '초기화 중': 'LONG'에서 'float'(으)로 변환하면서 데이터가 손실될 수 있습니다.
e:\8주차과제\zelda_default\commonmacrofunction.h(102): warning C4244: '초기화 중': 'LONG'에서 'float'(으)로 변환하면서 데이터가 손실될 수 있습니다.
e:\8주차과제\zelda_default\commonmacrofunction.h(103): warning C4244: '초기화 중': 'LONG'에서 'float'(으)로 변환하면서 데이터가 손실될 수 있습니다.
e:\8주차과제\zelda_default\commonmacrofunction.h(118): warning C4244: '초기화 중': 'LONG'에서 'float'(으)로 변환하면서 데이터가 손실될 수 있습니다.
e:\8주차과제\zelda_default\commonmacrofunction.h(124): warning C4838: 'float'에서 'LONG'(으)로의 변환에는 축소 변환이 필요합니다.
e:\8주차과제\zelda_default\commonmacrofunction.h(124): warning C4244: '초기화 중': 'float'에서 'LONG'(으)로 변환하면서 데이터가 손실될 수 있습니다.
e:\8주차과제\zelda_default\commonmacrofunction.h(166): warning C4267: '인수': 'size_t'에서 'int'(으)로 변환하면서 데이터가 손실될 수 있습니다.
  utility.cpp
e:\8주차과제\zelda_default\commonmacrofunction.h(76): warning C4244: '초기화 중': 'LONG'에서 'float'(으)로 변환하면서 데이터가 손실될 수 있습니다.
e:\8주차과제\zelda_default\commonmacrofunction.h(99): warning C4244: '초기화 중': 'LONG'에서 'float'(으)로 변환하면서 데이터가 손실될 수 있습니다.
e:\8주차과제\zelda_default\commonmacrofunction.h(100): warning C4244: '초기화 중': 'LONG'에서 'float'(으)로 변환하면서 데이터가 손실될 수 있습니다.
e:\8주차과제\zelda_default\commonmacrofunction.h(102): warning C4244: '초기화 중': 'LONG'에서 'float'(으)로 변환하면서 데이터가 손실될 수 있습니다.
e:\8주차과제\zelda_default\commonmacrofunction.h(103): warning C4244: '초기화 중': 'LONG'에서 'float'(으)로 변환하면서 데이터가 손실될 수 있습니다.
e:\8주차과제\zelda_default\commonmacrofunction.h(118): warning C4244: '초기화 중': 'LONG'에서 'float'(으)로 변환하면서 데이터가 손실될 수 있습니다.
e:\8주차과제\zelda_default\commonmacrofunction.h(124): warning C4838: 'float'에서 'LONG'(으)로의 변환에는 축소 변환이 필요합니다.
e:\8주차과제\zelda_default\commonmacrofunction.h(124): warning C4244: '초기화 중': 'float'에서 'LONG'(으)로 변환하면서 데이터가 손실될 수 있습니다.
e:\8주차과제\zelda_default\commonmacrofunction.h(166): warning C4267: '인수': 'size_t'에서 'int'(으)로 변환하면서 데이터가 손실될 수 있습니다.
  winMain.cpp
e:\8주차과제\zelda_default\commonmacrofunction.h(76): warning C4244: '초기화 중': 'LONG'에서 'float'(으)로 변환하면서 데이터가 손실될 수 있습니다.
e:\8주차과제\zelda_default\commonmacrofunction.h(99): warning C4244: '초기화 중': 'LONG'에서 'float'(으)로 변환하면서 데이터가 손실될 수 있습니다.
e:\8주차과제\zelda_default\commonmacrofunction.h(100): warning C4244: '초기화 중': 'LONG'에서 'float'(으)로 변환하면서 데이터가 손실될 수 있습니다.
e:\8주차과제\zelda_default\commonmacrofunction.h(102): warning C4244: '초기화 중': 'LONG'에서 'float'(으)로 변환하면서 데이터가 손실될 수 있습니다.
e:\8주차과제\zelda_default\commonmacrofunction.h(103): warning C4244: '초기화 중': 'LONG'에서 'float'(으)로 변환하면서 데이터가 손실될 수 있습니다.
e:\8주차과제\zelda_default\commonmacrofunction.h(118): warning C4244: '초기화 중': 'LONG'에서 'float'(으)로 변환하면서 데이터가 손실될 수 있습니다.
e:\8주차과제\zelda_default\commonmacrofunction.h(124): warning C4838: 'float'에서 'LONG'(으)로의 변환에는 축소 변환이 필요합니다.
e:\8주차과제\zelda_default\commonmacrofunction.h(124): warning C4244: '초기화 중': 'float'에서 'LONG'(으)로 변환하면서 데이터가 손실될 수 있습니다.
e:\8주차과제\zelda_default\commonmacrofunction.h(166): warning C4267: '인수': 'size_t'에서 'int'(으)로 변환하면서 데이터가 손실될 수 있습니다.
e:\8주차과제\zelda_default\winmain.cpp(95): warning C4244: 'return': 'WPARAM'에서 'int'(으)로 변환하면서 데이터가 손실될 수 있습니다.
  코드를 생성하고 있습니다...
e:\8주차과제\zelda_default\inidata.cpp(60): warning C4172: 지역 변수 또는 임시: data의 주소를 반환하고 있습니다.
